Determining if the pthread_create exist failed with the following output:
Change Dir: /home/boscuit/workspace/src/UAV_BackTrack/build/CMakeFiles/CMakeTmp

Run Build Command:"/usr/bin/make" "cmTC_284a2/fast"
/usr/bin/make -f CMakeFiles/cmTC_284a2.dir/build.make CMakeFiles/cmTC_284a2.dir/build
make[1]: Entering directory '/home/boscuit/workspace/src/UAV_BackTrack/build/CMakeFiles/CMakeTmp'
Building C object CMakeFiles/cmTC_284a2.dir/CheckSymbolExists.c.o
/usr/bin/cc   -Wall  -O3 -march=native     -o CMakeFiles/cmTC_284a2.dir/CheckSymbolExists.c.o   -c /home/boscuit/workspace/src/UAV_BackTrack/build/CMakeFiles/CMakeTmp/CheckSymbolExists.c
Linking C executable cmTC_284a2
/usr/bin/cmake -E cmake_link_script CMakeFiles/cmTC_284a2.dir/link.txt --verbose=1
/usr/bin/cc   -Wall  -O3 -march=native      -rdynamic CMakeFiles/cmTC_284a2.dir/CheckSymbolExists.c.o  -o cmTC_284a2 
CMakeFiles/cmTC_284a2.dir/CheckSymbolExists.c.o: In function `main':
CheckSymbolExists.c:(.text.startup+0x3): undefined reference to `pthread_create'
collect2: error: ld returned 1 exit status
CMakeFiles/cmTC_284a2.dir/build.make:97: recipe for target 'cmTC_284a2' failed
make[1]: *** [cmTC_284a2] Error 1
make[1]: Leaving directory '/home/boscuit/workspace/src/UAV_BackTrack/build/CMakeFiles/CMakeTmp'
Makefile:126: recipe for target 'cmTC_284a2/fast' failed
make: *** [cmTC_284a2/fast] Error 2

File /home/boscuit/workspace/src/UAV_BackTrack/build/CMakeFiles/CMakeTmp/CheckSymbolExists.c:
/* */
#include <pthread.h>

int main(int argc, char** argv)
{
  (void)argv;
#ifndef pthread_create
  return ((int*)(&pthread_create))[argc];
#else
  (void)argc;
  return 0;
#endif
}

Determining if the function pthread_create exists in the pthreads failed with the following output:
Change Dir: /home/boscuit/workspace/src/UAV_BackTrack/build/CMakeFiles/CMakeTmp

Run Build Command:"/usr/bin/make" "cmTC_d53af/fast"
/usr/bin/make -f CMakeFiles/cmTC_d53af.dir/build.make CMakeFiles/cmTC_d53af.dir/build
make[1]: Entering directory '/home/boscuit/workspace/src/UAV_BackTrack/build/CMakeFiles/CMakeTmp'
Building C object CMakeFiles/cmTC_d53af.dir/CheckFunctionExists.c.o
/usr/bin/cc   -Wall  -O3 -march=native  -DCHECK_FUNCTION_EXISTS=pthread_create   -o CMakeFiles/cmTC_d53af.dir/CheckFunctionExists.c.o   -c /usr/share/cmake-3.10/Modules/CheckFunctionExists.c
Linking C executable cmTC_d53af
/usr/bin/cmake -E cmake_link_script CMakeFiles/cmTC_d53af.dir/link.txt --verbose=1
/usr/bin/cc   -Wall  -O3 -march=native  -DCHECK_FUNCTION_EXISTS=pthread_create    -rdynamic CMakeFiles/cmTC_d53af.dir/CheckFunctionExists.c.o  -o cmTC_d53af -lpthreads 
/usr/bin/ld: cannot find -lpthreads
collect2: error: ld returned 1 exit status
CMakeFiles/cmTC_d53af.dir/build.make:97: recipe for target 'cmTC_d53af' failed
make[1]: *** [cmTC_d53af] Error 1
make[1]: Leaving directory '/home/boscuit/workspace/src/UAV_BackTrack/build/CMakeFiles/CMakeTmp'
Makefile:126: recipe for target 'cmTC_d53af/fast' failed
make: *** [cmTC_d53af/fast] Error 2


